9.5.2025, 17:32:41 - ERROR - Failed to get users | TypeError: dbService.getCollection(...).find is not a function 
9.5.2025, 17:35:32 - ERROR - Failed to get users | TypeError: dbService.getCollection(...).find is not a function 
9.5.2025, 17:35:34 - ERROR - Failed to get users | TypeError: dbService.getCollection(...).find is not a function 
9.5.2025, 17:35:36 - ERROR - Failed to get users | TypeError: dbService.getCollection(...).find is not a function 
9.5.2025, 17:35:45 - ERROR - Failed to get users | TypeError: dbService.getCollection(...).find is not a function 
9.5.2025, 17:35:50 - ERROR - Failed to get users | TypeError: dbService.getCollection(...).find is not a function 
9.5.2025, 17:36:17 - ERROR - Failed to get users | TypeError: dbService.getCollection(...).find is not a function 
10.5.2025, 21:17:34 - ERROR - Failed to get users | TypeError: collection.toArray is not a function 
11.5.2025, 14:57:08 - ERROR - Failed to get user | TypeError: dbService.getCollection(...).findOne is not a function 
11.5.2025, 14:59:06 - ERROR - Failed to get user | BSONError: hex string must be 24 characters 
11.5.2025, 14:59:11 - ERROR - Failed to get user | BSONError: hex string must be 24 characters 
11.5.2025, 14:59:42 - ERROR - Failed to get user | BSONError: hex string must be 24 characters 
11.5.2025, 15:01:04 - ERROR - Failed to get user | BSONError: hex string must be 24 characters 
11.5.2025, 15:01:12 - ERROR - Failed to get user | BSONError: hex string must be 24 characters 
11.5.2025, 15:01:13 - ERROR - Failed to get user | BSONError: hex string must be 24 characters 
11.5.2025, 15:01:15 - ERROR - Failed to get user | BSONError: hex string must be 24 characters 
11.5.2025, 15:02:14 - ERROR - Failed to get user | TypeError: dbService.getCollection(...).findOne is not a function 
11.5.2025, 15:02:22 - ERROR - Failed to get user | TypeError: dbService.getCollection(...).findOne is not a function 
11.5.2025, 15:02:23 - ERROR - Failed to get user | TypeError: dbService.getCollection(...).findOne is not a function 
11.5.2025, 15:03:26 - ERROR - Failed to get user | TypeError: dbService.getCollection(...).findOne is not a function 
11.5.2025, 15:03:30 - ERROR - Failed to get user | TypeError: dbService.getCollection(...).findOne is not a function 
11.5.2025, 15:03:38 - ERROR - Failed to get user | TypeError: dbService.getCollection(...).findOne is not a function 
11.5.2025, 15:11:41 - ERROR - Failed to add user | TypeError: dbService.getCollection(...).insertOne is not a function 
11.5.2025, 15:13:14 - ERROR - Failed to add user | MongoServerError: E11000 duplicate key error collection: chatDB.user index: _id_ dup key: { _id: "67e980a12d9dc3c4cf229d86" } 
11.5.2025, 15:18:54 - ERROR - Failed to update user | MongoServerError: Modifiers operate on fields but we found type string instead. For example: {$mod: {<field>: ...}} not {$set: "681b734bc93a82d50d73d34f"} 
11.5.2025, 15:21:56 - ERROR - Failed to update user | BSONError: hex string must be 24 characters 
11.5.2025, 15:23:14 - ERROR - Failed to update user | BSONError: hex string must be 24 characters 
11.5.2025, 15:24:42 - ERROR - Failed to update user | BSONError: hex string must be 24 characters 
11.5.2025, 15:26:01 - ERROR - Failed to update user | BSONError: hex string must be 24 characters 
11.5.2025, 15:26:45 - ERROR - Failed to update user | BSONError: hex string must be 24 characters 
11.5.2025, 15:31:56 - ERROR - Failed to update user | MongoServerError: Performing an update on the path '_id' would modify the immutable field '_id' 
11.5.2025, 15:39:09 - ERROR - Failed to update user | MongoServerError: Performing an update on the path '_id' would modify the immutable field '_id' 
11.5.2025, 15:54:05 - ERROR - Failed to update user | MongoServerError: Performing an update on the path '_id' would modify the immutable field '_id' 
11.5.2025, 15:54:44 - ERROR - Failed to update user | MongoServerError: Performing an update on the path '_id' would modify the immutable field '_id' 
11.5.2025, 16:00:07 - ERROR - Failed to delete user | TypeError: dbService.getCollection(...).deleteOne is not a function 
18.6.2025, 0:09:31 - INFO - Server is running on port 3030 
18.6.2025, 0:49:24 - INFO - Server is running on port 3030 
18.6.2025, 0:53:35 - INFO - Server is running on port 3030 
18.6.2025, 2:11:26 - ERROR - Failed to get users | MongoServerSelectionError: connect ECONNREFUSED 127.0.0.1:27017 
18.6.2025, 2:27:09 - ERROR - Failed to get users | MongoServerSelectionError: connect ECONNREFUSED 127.0.0.1:27017 
18.6.2025, 2:27:39 - INFO - Server is running on port 3030 
18.6.2025, 2:28:13 - ERROR - Failed to get users | MongoServerSelectionError: connect ECONNREFUSED 127.0.0.1:27017 
18.6.2025, 2:28:38 - ERROR - Failed to get users | MongoServerSelectionError: connect ECONNREFUSED 127.0.0.1:27017 
18.6.2025, 2:28:57 - ERROR - while finding user avi | MongoServerSelectionError: connect ECONNREFUSED 127.0.0.1:27017 
18.6.2025, 2:29:01 - ERROR - Failed to get users | MongoServerSelectionError: connect ECONNREFUSED 127.0.0.1:27017 
18.6.2025, 2:29:15 - ERROR - Failed to get users | MongoServerSelectionError: connect ECONNREFUSED 127.0.0.1:27017 
18.6.2025, 2:29:37 - ERROR - Failed to get users | MongoServerSelectionError: connect ECONNREFUSED 127.0.0.1:27017 
18.6.2025, 2:31:03 - INFO - Server is running on port 3030 
18.6.2025, 2:31:38 - ERROR - Failed to get users | MongoServerSelectionError: connect ECONNREFUSED 127.0.0.1:27017 
18.6.2025, 2:32:00 - ERROR - Failed to get users | MongoServerSelectionError: connect ECONNREFUSED 127.0.0.1:27017 
18.6.2025, 2:33:01 - INFO - Server is running on port 3030 
18.6.2025, 14:50:06 - INFO - Server is running on port 3030 
18.6.2025, 14:52:02 - INFO - Server is running on port 3030 
18.6.2025, 14:52:34 - INFO - Server is running on port 3030 
18.6.2025, 14:56:58 - INFO - Server is running on port 3030 
18.6.2025, 15:00:22 - INFO - Server is running on port 3030 
18.6.2025, 15:02:18 - INFO - Server is running on port 3030 
18.6.2025, 15:02:33 - INFO - Server is running on port 3030 
18.6.2025, 15:08:31 - INFO - Server is running on port 3030 
18.6.2025, 15:08:51 - INFO - Server is running on port 3030 
18.6.2025, 15:27:56 - INFO - Server is running on port 3030 
18.6.2025, 15:32:41 - INFO - Server is running on port 3030 
18.6.2025, 15:32:58 - INFO - Server is running on port 3030 
18.6.2025, 15:35:24 - INFO - Server is running on port 3030 
18.6.2025, 15:37:15 - INFO - Server is running on port 3030 
18.6.2025, 15:38:09 - INFO - Server is running on port 3030 
18.6.2025, 15:39:14 - INFO - Server is running on port 3030 
18.6.2025, 15:39:22 - INFO - No socket found for user 67e97e582d9dc3c4cf229d83 
18.6.2025, 15:50:07 - INFO - No socket found for user 67e97e582d9dc3c4cf229d83 
18.6.2025, 15:50:57 - INFO - No socket found for user 67e97e582d9dc3c4cf229d83 
18.6.2025, 15:52:03 - INFO - No socket found for user 67e97e582d9dc3c4cf229d83 
18.6.2025, 15:53:08 - INFO - No socket found for user 67e97e582d9dc3c4cf229d83 
18.6.2025, 15:53:52 - INFO - No socket found for user 68261d5a0bf87aeae01fbfd9 
18.6.2025, 15:54:50 - INFO - Server is running on port 3030 
18.6.2025, 15:54:59 - INFO - No socket found for user 68261d5a0bf87aeae01fbfd9 
18.6.2025, 15:58:30 - INFO - No socket found for user 68261d5a0bf87aeae01fbfd9 
18.6.2025, 15:59:45 - INFO - Server is running on port 3030 
18.6.2025, 16:00:05 - INFO - Server is running on port 3030 
18.6.2025, 16:00:24 - INFO - No socket found for user 67e97e582d9dc3c4cf229d83 
18.6.2025, 16:00:52 - INFO - Server is running on port 3030 
18.6.2025, 16:01:02 - INFO - No socket found for user 68261d5a0bf87aeae01fbfd9 
18.6.2025, 16:01:46 - INFO - Server is running on port 3030 
18.6.2025, 16:01:52 - INFO - Server is running on port 3030 
18.6.2025, 16:02:04 - INFO - No socket found for user 68261d5a0bf87aeae01fbfd9 
18.6.2025, 16:02:30 - INFO - Server is running on port 3030 
18.6.2025, 16:02:34 - INFO - No socket found for user 68261d5a0bf87aeae01fbfd9 
18.6.2025, 16:07:54 - INFO - Server is running on port 3030 
18.6.2025, 16:08:05 - INFO - No socket found for user 68261d5a0bf87aeae01fbfd9 
18.6.2025, 16:09:30 - INFO - Server is running on port 3030 
18.6.2025, 16:09:50 - INFO - No socket found for user 67e97e582d9dc3c4cf229d83 
18.6.2025, 16:10:05 - INFO - No socket found for user 68261d5a0bf87aeae01fbfd9 
18.6.2025, 16:10:26 - INFO - No socket found for user 67e97e582d9dc3c4cf229d83 
18.6.2025, 16:14:43 - INFO - Server is running on port 3030 
18.6.2025, 16:14:56 - INFO - No socket found for user 67e97e582d9dc3c4cf229d83 
18.6.2025, 16:15:11 - INFO - Emitted to user 67e97e582d9dc3c4cf229d83 
18.6.2025, 16:16:37 - INFO - Server is running on port 3030 
18.6.2025, 16:16:37 - INFO - Client connected 
18.6.2025, 16:16:37 - INFO - Client connected 
18.6.2025, 16:16:42 - INFO - Client disconnected 
18.6.2025, 16:16:42 - INFO - Client connected 
18.6.2025, 16:16:43 - INFO - Client disconnected 
18.6.2025, 16:16:43 - INFO - Client connected 
18.6.2025, 16:17:01 - INFO - Emitted to user 67e97e582d9dc3c4cf229d83 
18.6.2025, 16:17:05 - INFO - Emitted to user 68261d5a0bf87aeae01fbfd9 
18.6.2025, 16:20:11 - INFO - Emitted to user 67e97e582d9dc3c4cf229d83 
18.6.2025, 16:20:37 - INFO - Emitted to user 67e97e582d9dc3c4cf229d83 
18.6.2025, 16:23:52 - INFO - Emitted to user 67e97e582d9dc3c4cf229d83 
18.6.2025, 16:23:58 - INFO - Emitted to user 67e97e582d9dc3c4cf229d83 
18.6.2025, 16:24:23 - INFO - Emitted to user 67e97e582d9dc3c4cf229d83 
18.6.2025, 16:24:47 - INFO - Emitted to user 67e97e582d9dc3c4cf229d83 
18.6.2025, 16:24:53 - INFO - Emitted to user 67e97e582d9dc3c4cf229d83 
18.6.2025, 16:41:53 - INFO - Client disconnected 
18.6.2025, 16:41:53 - INFO - Client disconnected 
18.6.2025, 17:40:10 - INFO - Client connected 
18.6.2025, 17:40:10 - INFO - Client connected 
18.6.2025, 17:40:12 - INFO - Client disconnected 
18.6.2025, 17:40:12 - INFO - Client disconnected 
18.6.2025, 17:40:12 - INFO - Client connected 
18.6.2025, 17:40:12 - INFO - Client connected 
18.6.2025, 17:40:36 - INFO - Emitted to user 68261d5a0bf87aeae01fbfd9 
18.6.2025, 17:40:42 - INFO - Emitted to user 68261d5a0bf87aeae01fbfd9 
18.6.2025, 17:40:43 - INFO - Emitted to user 68261d5a0bf87aeae01fbfd9 
18.6.2025, 17:40:44 - INFO - Emitted to user 68261d5a0bf87aeae01fbfd9 
18.6.2025, 17:40:45 - INFO - Emitted to user 68261d5a0bf87aeae01fbfd9 
18.6.2025, 17:40:45 - INFO - Emitted to user 68261d5a0bf87aeae01fbfd9 
18.6.2025, 17:53:40 - INFO - Server is running on port 3030 
18.6.2025, 17:53:41 - INFO - Client connected 
18.6.2025, 17:53:41 - INFO - Client connected 
18.6.2025, 17:55:31 - INFO - Server is running on port 3030 
18.6.2025, 17:55:32 - INFO - Client connected 
18.6.2025, 17:55:32 - INFO - Client connected 
18.6.2025, 17:57:15 - INFO - Server is running on port 3030 
18.6.2025, 17:57:15 - INFO - Client connected 
18.6.2025, 17:57:15 - INFO - Client connected 
18.6.2025, 17:59:46 - INFO - Server is running on port 3030 
18.6.2025, 17:59:46 - INFO - Client connected 
18.6.2025, 17:59:46 - INFO - Client connected 
18.6.2025, 18:00:14 - INFO - Server is running on port 3030 
18.6.2025, 18:00:14 - INFO - Client connected 
18.6.2025, 18:00:15 - INFO - Client connected 
18.6.2025, 18:00:26 - INFO - Client disconnected 
18.6.2025, 18:00:27 - INFO - Client connected 
18.6.2025, 18:00:31 - INFO - Client disconnected 
18.6.2025, 18:00:31 - INFO - Client connected 
18.6.2025, 18:00:33 - INFO - Client disconnected 
18.6.2025, 18:00:33 - INFO - Client connected 
18.6.2025, 18:03:08 - INFO - Client disconnected 
18.6.2025, 18:03:08 - INFO - Client connected 
18.6.2025, 18:03:47 - INFO - Client disconnected 
18.6.2025, 18:03:47 - INFO - Client connected 
18.6.2025, 18:03:50 - INFO - Client disconnected 
18.6.2025, 18:03:51 - INFO - Client connected 
18.6.2025, 18:05:25 - INFO - No socket found for user 68261d5a0bf87aeae01fbfd9 
18.6.2025, 18:05:48 - INFO - No socket found for user 68261d5a0bf87aeae01fbfd9 
18.6.2025, 18:06:19 - INFO - Emitted to user 67e97e582d9dc3c4cf229d83 
18.6.2025, 18:17:52 - INFO - Emitted to user 67e97e582d9dc3c4cf229d83 
18.6.2025, 18:20:10 - INFO - Client disconnected 
18.6.2025, 18:20:10 - INFO - Client connected 
18.6.2025, 18:20:10 - INFO - Client disconnected 
18.6.2025, 18:20:10 - INFO - Client connected 
18.6.2025, 18:21:17 - INFO - Emitted to user 6852d90bac8d5f09c5b16218 
18.6.2025, 18:21:21 - INFO - No socket found for user 68261d5a0bf87aeae01fbfd9 
18.6.2025, 18:21:31 - INFO - Client disconnected 
18.6.2025, 18:21:31 - INFO - Client connected 
18.6.2025, 18:21:37 - INFO - Emitted to user 68261d5a0bf87aeae01fbfd9 
18.6.2025, 18:21:42 - INFO - Emitted to user 6852d90bac8d5f09c5b16218 
18.6.2025, 18:25:10 - INFO - Client disconnected 
18.6.2025, 18:25:10 - INFO - Client connected 
18.6.2025, 18:25:10 - INFO - Client disconnected 
18.6.2025, 18:25:10 - INFO - Client connected 
18.6.2025, 18:25:13 - INFO - Client disconnected 
18.6.2025, 18:25:13 - INFO - Client connected 
18.6.2025, 18:26:01 - INFO - Emitted to user 68261d5a0bf87aeae01fbfd9 
18.6.2025, 18:26:08 - INFO - Emitted to user 6852d90bac8d5f09c5b16218 
18.6.2025, 18:26:18 - INFO - Emitted to user 6852d90bac8d5f09c5b16218 
18.6.2025, 18:26:33 - INFO - Emitted to user 6852d90bac8d5f09c5b16218 
18.6.2025, 18:26:53 - INFO - Emitted to user 68261d5a0bf87aeae01fbfd9 
18.6.2025, 18:28:12 - INFO - Client disconnected 
18.6.2025, 18:28:12 - INFO - Client connected 
18.6.2025, 18:28:12 - INFO - Client disconnected 
18.6.2025, 18:28:12 - INFO - Client connected 
18.6.2025, 18:28:15 - INFO - Client disconnected 
18.6.2025, 18:28:15 - INFO - Client connected 
18.6.2025, 18:29:24 - INFO - Client disconnected 
18.6.2025, 18:29:24 - INFO - Client connected 
18.6.2025, 18:29:24 - INFO - Client disconnected 
18.6.2025, 18:29:24 - INFO - Client connected 
18.6.2025, 18:29:27 - INFO - Client disconnected 
18.6.2025, 18:29:27 - INFO - Client connected 
18.6.2025, 18:31:18 - INFO - Client disconnected 
18.6.2025, 18:31:18 - INFO - Client connected 
18.6.2025, 18:31:18 - INFO - Client disconnected 
18.6.2025, 18:31:18 - INFO - Client connected 
18.6.2025, 18:31:51 - INFO - Client disconnected 
18.6.2025, 18:31:51 - INFO - Client connected 
18.6.2025, 18:31:51 - INFO - Client disconnected 
18.6.2025, 18:31:51 - INFO - Client connected 
18.6.2025, 18:33:13 - INFO - Client disconnected 
18.6.2025, 18:33:13 - INFO - Client connected 
18.6.2025, 18:33:13 - INFO - Client disconnected 
18.6.2025, 18:33:13 - INFO - Client connected 
18.6.2025, 18:35:47 - INFO - Client disconnected 
18.6.2025, 18:35:48 - INFO - Client connected 
18.6.2025, 18:35:54 - INFO - Client disconnected 
18.6.2025, 18:35:54 - INFO - Client connected 
18.6.2025, 18:36:33 - INFO - Client disconnected 
18.6.2025, 18:36:33 - INFO - Client connected 
18.6.2025, 18:37:44 - INFO - Emitted to user 6852d90bac8d5f09c5b16218 
18.6.2025, 18:38:18 - INFO - Client disconnected 
18.6.2025, 18:38:18 - INFO - Client connected 
18.6.2025, 18:38:42 - INFO - Emitted to user 6852d90bac8d5f09c5b16218 
18.6.2025, 18:38:46 - INFO - Emitted to user 6852dd12ac8d5f09c5b16222 
18.6.2025, 18:43:33 - INFO - Emitted to user 6852d90bac8d5f09c5b16218 
18.6.2025, 18:43:37 - INFO - Emitted to user 6852dd12ac8d5f09c5b16222 
18.6.2025, 18:45:16 - INFO - Client connected 
18.6.2025, 18:45:16 - INFO - Client connected 
18.6.2025, 18:47:14 - INFO - Client disconnected 
18.6.2025, 18:47:14 - INFO - Client disconnected 
18.6.2025, 18:47:14 - INFO - Client connected 
18.6.2025, 18:47:21 - INFO - Emitted to user 6852dd12ac8d5f09c5b16222 
18.6.2025, 18:47:44 - INFO - Emitted to user 6852dd12ac8d5f09c5b16222 
18.6.2025, 18:47:51 - INFO - Client disconnected 
18.6.2025, 18:47:51 - INFO - Client disconnected 
18.6.2025, 18:47:51 - INFO - Client connected 
18.6.2025, 18:47:57 - INFO - Emitted to user 6852d90bac8d5f09c5b16218 
18.6.2025, 18:48:01 - INFO - Client disconnected 
18.6.2025, 18:48:02 - INFO - Client connected 
18.6.2025, 18:48:11 - INFO - Emitted to user 6852dd12ac8d5f09c5b16222 
18.6.2025, 18:48:22 - INFO - Emitted to user 6852d90bac8d5f09c5b16218 
18.6.2025, 18:48:40 - INFO - Client disconnected 
18.6.2025, 18:48:40 - INFO - Client connected 
18.6.2025, 18:48:48 - INFO - Client disconnected 
18.6.2025, 18:48:49 - INFO - Client connected 
18.6.2025, 18:48:58 - INFO - Emitted to user 6852dd12ac8d5f09c5b16222 
18.6.2025, 18:53:51 - INFO - Client disconnected 
18.6.2025, 18:53:51 - INFO - Client connected 
18.6.2025, 18:53:54 - INFO - Client disconnected 
18.6.2025, 18:53:54 - INFO - Client connected 
18.6.2025, 18:55:08 - INFO - Client disconnected 
18.6.2025, 18:55:08 - INFO - Client connected 
18.6.2025, 18:55:11 - INFO - Client disconnected 
18.6.2025, 18:55:11 - INFO - Client connected 
18.6.2025, 18:55:29 - INFO - Client disconnected 
18.6.2025, 18:55:29 - INFO - Client connected 
18.6.2025, 18:56:21 - INFO - No socket found for user 6852ddbdac8d5f09c5b16226 
18.6.2025, 18:56:34 - INFO - Client disconnected 
18.6.2025, 18:56:34 - INFO - Client connected 
18.6.2025, 19:00:12 - INFO - Server is running on port 3030 
18.6.2025, 19:00:13 - INFO - Client connected 
18.6.2025, 19:00:13 - INFO - Client connected 
